<?xml version="1.0" encoding="UTF-8"?>
<!-- Generated by org.testng.reporters.JUnitReportReporter -->
<testsuite skipped="0" hostname="HP" name="com.practice.appium.Api_demos_2" tests="1" failures="0" timestamp="8 Sep 2021 04:27:48 GMT" time="71.967" errors="0">
  <testcase name="ApiTC_2" time="71.967" classname="com.practice.appium.Api_demos_2"/>
</testsuite> <!-- com.practice.appium.Api_demos_2 -->
