<?xml version="1.0" encoding="UTF-8"?>
<!-- Generated by org.testng.reporters.JUnitReportReporter -->
<testsuite skipped="0" hostname="HP" name="com.webdriverMethods.Notifications" tests="1" failures="0" timestamp="8 Sep 2021 10:58:00 GMT" time="31.613" errors="0">
  <testcase name="notif" time="31.613" classname="com.webdriverMethods.Notifications"/>
</testsuite> <!-- com.webdriverMethods.Notifications -->
