<?xml version="1.0" encoding="UTF-8"?>
<!-- Generated by org.testng.reporters.JUnitReportReporter -->
<testsuite skipped="0" hostname="HP" name="com.web.Webapp" tests="1" failures="0" timestamp="9 Sep 2021 08:03:30 GMT" time="54.002" errors="0">
  <testcase name="web_app" time="54.002" classname="com.web.Webapp"/>
</testsuite> <!-- com.web.Webapp -->
