<?xml version="1.0" encoding="UTF-8"?>
<!-- Generated by org.testng.reporters.JUnitReportReporter -->
<testsuite skipped="0" hostname="HP" name="com.practice.appium.Uninstall_API_demos" tests="1" failures="0" timestamp="8 Sep 2021 08:27:51 GMT" time="24.274" errors="0">
  <testcase name="ApiTC_1" time="24.274" classname="com.practice.appium.Uninstall_API_demos"/>
</testsuite> <!-- com.practice.appium.Uninstall_API_demos -->
