<?xml version="1.0" encoding="UTF-8"?>
<!-- Generated by org.testng.reporters.JUnitReportReporter -->
<testsuite skipped="0" hostname="HP" name="com.webdriverMethods.Logs" tests="1" failures="0" timestamp="13 Sep 2021 05:59:26 GMT" time="80.299" errors="0">
  <testcase name="cam" time="80.299" classname="com.webdriverMethods.Logs"/>
</testsuite> <!-- com.webdriverMethods.Logs -->
