<?xml version="1.0" encoding="UTF-8"?>
<!-- Generated by org.testng.reporters.JUnitReportReporter -->
<testsuite skipped="0" hostname="HP" name="com.practice.appium.Calculator" tests="1" failures="0" timestamp="7 Sep 2021 10:47:27 GMT" time="26.747" errors="0">
  <testcase name="launchCalculator" time="26.747" classname="com.practice.appium.Calculator"/>
</testsuite> <!-- com.practice.appium.Calculator -->
