<?xml version="1.0" encoding="UTF-8"?>
<!-- Generated by org.testng.reporters.JUnitReportReporter -->
<testsuite skipped="0" hostname="HP" name="com.practice.appium.Drag_n_drop" tests="1" failures="0" timestamp="8 Sep 2021 09:48:55 GMT" time="37.261" errors="0">
  <testcase name="DnD" time="37.261" classname="com.practice.appium.Drag_n_drop"/>
</testsuite> <!-- com.practice.appium.Drag_n_drop -->
