<?xml version="1.0" encoding="UTF-8"?>
<!-- Generated by org.testng.reporters.JUnitReportReporter -->
<testsuite skipped="0" hostname="HP" name="com.webdriverMethods.ToastMessage" tests="1" failures="0" timestamp="9 Sep 2021 06:02:19 GMT" time="25.892" errors="0">
  <testcase name="addCart" time="25.892" classname="com.webdriverMethods.ToastMessage"/>
</testsuite> <!-- com.webdriverMethods.ToastMessage -->
