<?xml version="1.0" encoding="UTF-8"?>
<!-- Generated by org.testng.reporters.JUnitReportReporter -->
<testsuite skipped="0" hostname="HP" name="com.practice.appium.TouchScreen" tests="1" failures="0" timestamp="8 Sep 2021 07:00:11 GMT" time="24.069" errors="0">
  <testcase name="screenswipe" time="24.069" classname="com.practice.appium.TouchScreen"/>
</testsuite> <!-- com.practice.appium.TouchScreen -->
