<?xml version="1.0" encoding="UTF-8"?>
<!-- Generated by org.testng.reporters.JUnitReportReporter -->
<testsuite skipped="0" hostname="HP" name="com.practice.appium.Install_ApiDemos_App" tests="1" failures="0" timestamp="8 Sep 2021 08:28:30 GMT" time="25.756" errors="0">
  <testcase name="Installapp" time="25.756" classname="com.practice.appium.Install_ApiDemos_App"/>
</testsuite> <!-- com.practice.appium.Install_ApiDemos_App -->
