<?xml version="1.0" encoding="UTF-8"?>
<!-- Generated by org.testng.reporters.JUnitReportReporter -->
<testsuite skipped="0" hostname="HP" name="com.practice.appium.Install_Subscale_app" tests="1" failures="0" timestamp="8 Sep 2021 09:56:43 GMT" time="49.940" errors="0">
  <testcase name="Installapp" time="49.940" classname="com.practice.appium.Install_Subscale_app"/>
</testsuite> <!-- com.practice.appium.Install_Subscale_app -->
