<?xml version="1.0" encoding="UTF-8"?>
<!-- Generated by org.testng.reporters.JUnitReportReporter -->
<testsuite skipped="0" hostname="HP" name="com.webdriverMethods.Logs1" tests="1" failures="0" timestamp="9 Sep 2021 06:00:31 GMT" time="64.261" errors="0">
  <testcase name="cam" time="64.261" classname="com.webdriverMethods.Logs1"/>
</testsuite> <!-- com.webdriverMethods.Logs1 -->
