<?xml version="1.0" encoding="UTF-8"?>
<!-- Generated by org.testng.reporters.JUnitReportReporter -->
<testsuite skipped="0" hostname="HP" name="com.practice.appium.GeneralStoreAssign1" tests="1" failures="0" timestamp="8 Sep 2021 17:48:49 GMT" time="63.956" errors="0">
  <testcase name="network" time="63.956" classname="com.practice.appium.GeneralStoreAssign1"/>
</testsuite> <!-- com.practice.appium.GeneralStoreAssign1 -->
