<?xml version="1.0" encoding="UTF-8"?>
<!-- Generated by org.testng.reporters.JUnitReportReporter -->
<testsuite skipped="0" hostname="HP" name="com.practice.appium.SwipeAction" tests="1" failures="0" timestamp="8 Sep 2021 07:33:16 GMT" time="32.955" errors="0">
  <testcase name="screenswipe" time="32.955" classname="com.practice.appium.SwipeAction"/>
</testsuite> <!-- com.practice.appium.SwipeAction -->
