<?xml version="1.0" encoding="UTF-8"?>
<!-- Generated by org.testng.reporters.JUnitReportReporter -->
<testsuite skipped="0" hostname="HP" name="com.webdriverMethods.NetworkConnection" tests="1" failures="0" timestamp="8 Sep 2021 11:20:58 GMT" time="34.596" errors="1">
  <testcase name="network" time="34.596" classname="com.webdriverMethods.NetworkConnection">
    <error type="org.openqa.selenium.WebDriverException" message="An unknown server-side error occurred while processing the command. Original error: Error executing adbExec. Original error: &#039;Command &#039;&#039;C:\\Users\\HP USER\\AppData\\Local\\Android\\Sdk\\platform-tools\\adb.exe&#039; -P 5037 -s GAPBB6F68TOR4DIZ shell am broadcast -a android.intent.action.AIRPLANE_MODE --ez state true&#039; exited with code 255&#039;; Stderr: &#039;Security exception: Permission Denial: not allowed to send broadcast android.intent.action.AIRPLANE_MODE from pid=21054, uid=2000

java.lang.SecurityException: Permission Denial: not allowed to send broadcast android.intent.action.AIRPLANE_MODE from pid=21054, uid=2000
	at com.android.server.am.ActivityManagerService.broadcastIntentLocked(ActivityManagerService.java:25003)
	at com.android.server.am.ActivityManagerService.broadcastIntent(ActivityManagerService.java:25745)
	at com.android.server.am.ActivityManagerShellCommand.runSendBroadcast(ActivityManagerShellCommand.java:716)
	at com.android.server.am.ActivityManagerShellCommand.onCommand(ActivityManagerShellCommand.java:188)
	at android.os.ShellCommand.exec(ShellCommand.java:103)
	at com.android.server.am.ActivityManagerService.onShellCommand(ActivityManagerService.java:19253)
	at android.os.Binder.shellCommand(Binder.java:641)
	at android.os.Binder.onTransact(Binder.java:539)
	at android.app.IActivityManager$Stub.onTransact(IActivityManager.java:3450)
	at com.android.server.am.ActivityManagerService.onTransact(ActivityManagerService.java:3796)
	at android.os.Binder.execTransact(Binder.java:750)&#039;; Code: &#039;255&#039; (WARNING: The server did not provide any stacktrace information)
Command duration or timeout: 2.18 seconds
Build info: version: &#039;2.53.1&#039;, revision: &#039;a36b8b1cd5757287168e54b817830adce9b0158d&#039;, time: &#039;2016-06-30 19:26:09&#039;
System info: host: &#039;HP&#039;, ip: &#039;127.0.0.1&#039;, os.name: &#039;Windows 10&#039;, os.arch: &#039;amd64&#039;, os.version: &#039;10.0&#039;, java.version: &#039;1.8.0_281&#039;
Driver info: io.appium.java_client.android.AndroidDriver
Capabilities [{appPackage=com.androidsample.generalstore, statBarHeight=56, noReset=true, viewportRect={top=56, left=0, width=720, height=1351}, deviceName=GAPBB6F68TOR4DIZ, UDID=GAPBB6F68TOR4DIZ, platform=LINUX, deviceUDID=GAPBB6F68TOR4DIZ, desired={appPackage=com.androidsample.generalstore, appActivity=.SplashActivity, noReset=true, platformVersion=9, automationName=Appium, platformName=Android, deviceName=vivo 1902, UDID=GAPBB6F68TOR4DIZ}, platformVersion=9, webStorageEnabled=false, automationName=Appium, takesScreenshot=true, javascriptEnabled=true, platformName=Android, deviceApiLevel=28, deviceManufacturer=vivo, deviceScreenSize=720x1544, networkConnectionEnabled=true, warnings={}, databaseEnabled=false, appActivity=.SplashActivity, pixelRatio=2, locationContextEnabled=false, deviceScreenDensity=320, deviceModel=vivo 1902}]
Session ID: 75d5c880-dba9-4f4e-ba33-03e5762bfd6c">
      <![CDATA[org.openqa.selenium.WebDriverException: An unknown server-side error occurred while processing the command. Original error: Error executing adbExec. Original error: 'Command ''C:\\Users\\HP USER\\AppData\\Local\\Android\\Sdk\\platform-tools\\adb.exe' -P 5037 -s GAPBB6F68TOR4DIZ shell am broadcast -a android.intent.action.AIRPLANE_MODE --ez state true' exited with code 255'; Stderr: 'Security exception: Permission Denial: not allowed to send broadcast android.intent.action.AIRPLANE_MODE from pid=21054, uid=2000

java.lang.SecurityException: Permission Denial: not allowed to send broadcast android.intent.action.AIRPLANE_MODE from pid=21054, uid=2000
	at com.android.server.am.ActivityManagerService.broadcastIntentLocked(ActivityManagerService.java:25003)
	at com.android.server.am.ActivityManagerService.broadcastIntent(ActivityManagerService.java:25745)
	at com.android.server.am.ActivityManagerShellCommand.runSendBroadcast(ActivityManagerShellCommand.java:716)
	at com.android.server.am.ActivityManagerShellCommand.onCommand(ActivityManagerShellCommand.java:188)
	at android.os.ShellCommand.exec(ShellCommand.java:103)
	at com.android.server.am.ActivityManagerService.onShellCommand(ActivityManagerService.java:19253)
	at android.os.Binder.shellCommand(Binder.java:641)
	at android.os.Binder.onTransact(Binder.java:539)
	at android.app.IActivityManager$Stub.onTransact(IActivityManager.java:3450)
	at com.android.server.am.ActivityManagerService.onTransact(ActivityManagerService.java:3796)
	at android.os.Binder.execTransact(Binder.java:750)'; Code: '255' (WARNING: The server did not provide any stacktrace information)
Command duration or timeout: 2.18 seconds
Build info: version: '2.53.1', revision: 'a36b8b1cd5757287168e54b817830adce9b0158d', time: '2016-06-30 19:26:09'
System info: host: 'HP', ip: '127.0.0.1', os.name: 'Windows 10', os.arch: 'amd64', os.version: '10.0', java.version: '1.8.0_281'
Driver info: io.appium.java_client.android.AndroidDriver
Capabilities [{appPackage=com.androidsample.generalstore, statBarHeight=56, noReset=true, viewportRect={top=56, left=0, width=720, height=1351}, deviceName=GAPBB6F68TOR4DIZ, UDID=GAPBB6F68TOR4DIZ, platform=LINUX, deviceUDID=GAPBB6F68TOR4DIZ, desired={appPackage=com.androidsample.generalstore, appActivity=.SplashActivity, noReset=true, platformVersion=9, automationName=Appium, platformName=Android, deviceName=vivo 1902, UDID=GAPBB6F68TOR4DIZ}, platformVersion=9, webStorageEnabled=false, automationName=Appium, takesScreenshot=true, javascriptEnabled=true, platformName=Android, deviceApiLevel=28, deviceManufacturer=vivo, deviceScreenSize=720x1544, networkConnectionEnabled=true, warnings={}, databaseEnabled=false, appActivity=.SplashActivity, pixelRatio=2, locationContextEnabled=false, deviceScreenDensity=320, deviceModel=vivo 1902}]
Session ID: 75d5c880-dba9-4f4e-ba33-03e5762bfd6c
	at sun.reflect.NativeConstructorAccessorImpl.newInstance0(Native Method)
	at sun.reflect.NativeConstructorAccessorImpl.newInstance(Unknown Source)
	at sun.reflect.DelegatingConstructorAccessorImpl.newInstance(Unknown Source)
	at java.lang.reflect.Constructor.newInstance(Unknown Source)
	at org.openqa.selenium.remote.ErrorHandler.createThrowable(ErrorHandler.java:206)
	at org.openqa.selenium.remote.ErrorHandler.throwIfResponseFailed(ErrorHandler.java:158)
	at org.openqa.selenium.remote.RemoteWebDriver.execute(RemoteWebDriver.java:678)
	at io.appium.java_client.DefaultGenericMobileDriver.execute(DefaultGenericMobileDriver.java:40)
	at io.appium.java_client.AppiumDriver.execute(AppiumDriver.java:1)
	at io.appium.java_client.android.AndroidDriver.execute(AndroidDriver.java:1)
	at io.appium.java_client.CommandExecutionHelper.execute(CommandExecutionHelper.java:32)
	at io.appium.java_client.android.AndroidDriver.setConnection(AndroidDriver.java:230)
	at com.webdriverMethods.NetworkConnection.network(NetworkConnection.java:48)
	at sun.reflect.NativeMethodAccessorImpl.invoke0(Native Method)
	at sun.reflect.NativeMethodAccessorImpl.invoke(Unknown Source)
	at sun.reflect.DelegatingMethodAccessorImpl.invoke(Unknown Source)
	at java.lang.reflect.Method.invoke(Unknown Source)
	at org.testng.internal.MethodInvocationHelper.invokeMethod(MethodInvocationHelper.java:100)
	at org.testng.internal.Invoker.invokeMethod(Invoker.java:646)
	at org.testng.internal.Invoker.invokeTestMethod(Invoker.java:811)
	at org.testng.internal.Invoker.invokeTestMethods(Invoker.java:1137)
	at org.testng.internal.TestMethodWorker.invokeTestMethods(TestMethodWorker.java:129)
	at org.testng.internal.TestMethodWorker.run(TestMethodWorker.java:112)
	at org.testng.TestRunner.privateRun(TestRunner.java:753)
	at org.testng.TestRunner.run(TestRunner.java:607)
	at org.testng.SuiteRunner.runTest(SuiteRunner.java:368)
	at org.testng.SuiteRunner.runSequentially(SuiteRunner.java:363)
	at org.testng.SuiteRunner.privateRun(SuiteRunner.java:321)
	at org.testng.SuiteRunner.run(SuiteRunner.java:270)
	at org.testng.SuiteRunnerWorker.runSuite(SuiteRunnerWorker.java:52)
	at org.testng.SuiteRunnerWorker.run(SuiteRunnerWorker.java:86)
	at org.testng.TestNG.runSuitesSequentially(TestNG.java:1284)
	at org.testng.TestNG.runSuitesLocally(TestNG.java:1209)
	at org.testng.TestNG.runSuites(TestNG.java:1124)
	at org.testng.TestNG.run(TestNG.java:1096)
	at org.testng.remote.AbstractRemoteTestNG.run(AbstractRemoteTestNG.java:132)
	at org.testng.remote.RemoteTestNG.initAndRun(RemoteTestNG.java:236)
	at org.testng.remote.RemoteTestNG.main(RemoteTestNG.java:81)
]]>
    </error>
  </testcase> <!-- network -->
</testsuite> <!-- com.webdriverMethods.NetworkConnection -->
