<?xml version="1.0" encoding="UTF-8"?>
<!-- Generated by org.testng.reporters.JUnitReportReporter -->
<testsuite skipped="0" hostname="HP" name="com.webdriverMethods.Orientation" tests="1" failures="0" timestamp="8 Sep 2021 11:12:36 GMT" time="64.285" errors="0">
  <testcase name="orient" time="64.285" classname="com.webdriverMethods.Orientation"/>
</testsuite> <!-- com.webdriverMethods.Orientation -->
