<?xml version="1.0" encoding="UTF-8"?>
<!-- Generated by org.testng.reporters.JUnitReportReporter -->
<testsuite skipped="0" hostname="HP" name="com.webdriverMethods.RunAppBackground" tests="1" failures="0" timestamp="8 Sep 2021 11:29:24 GMT" time="36.541" errors="0">
  <testcase name="runbackground" time="36.541" classname="com.webdriverMethods.RunAppBackground"/>
</testsuite> <!-- com.webdriverMethods.RunAppBackground -->
