<?xml version="1.0" encoding="UTF-8"?>
<!-- Generated by org.testng.reporters.JUnitReportReporter -->
<testsuite skipped="0" hostname="HP" name="com.practice.appium.Genralstore_Screenshot" tests="1" failures="0" timestamp="13 Sep 2021 06:36:40 GMT" time="29.988" errors="0">
  <testcase name="addCart" time="29.988" classname="com.practice.appium.Genralstore_Screenshot"/>
</testsuite> <!-- com.practice.appium.Genralstore_Screenshot -->
