<?xml version="1.0" encoding="UTF-8"?>
<!-- Generated by org.testng.reporters.JUnitReportReporter -->
<testsuite skipped="0" hostname="HP" name="com.practice.appium.Api_demos_1" tests="1" failures="0" timestamp="7 Sep 2021 14:53:11 GMT" time="30.873" errors="0">
  <testcase name="ApiTC_1" time="30.873" classname="com.practice.appium.Api_demos_1"/>
</testsuite> <!-- com.practice.appium.Api_demos_1 -->
