<?xml version="1.0" encoding="UTF-8"?>
<!-- Generated by org.testng.reporters.JUnitReportReporter -->
<testsuite skipped="0" hostname="HP" name="com.web.GeneralStoreTC1" tests="1" failures="0" timestamp="9 Sep 2021 07:09:34 GMT" time="34.696" errors="0">
  <testcase name="login" time="34.696" classname="com.web.GeneralStoreTC1"/>
</testsuite> <!-- com.web.GeneralStoreTC1 -->
