<?xml version="1.0" encoding="UTF-8"?>
<!-- Generated by org.testng.reporters.JUnitReportReporter -->
<testsuite skipped="0" hostname="HP" name="com.practice.appium.SwipeAssign" tests="1" failures="0" timestamp="8 Sep 2021 08:01:31 GMT" time="22.938" errors="0">
  <testcase name="screenswipe" time="22.938" classname="com.practice.appium.SwipeAssign"/>
</testsuite> <!-- com.practice.appium.SwipeAssign -->
