<?xml version="1.0" encoding="UTF-8"?>
<!-- Generated by org.testng.reporters.JUnitReportReporter -->
<testsuite skipped="0" hostname="HP" name="com.practice.appium.Tap_Calculator" tests="1" failures="0" timestamp="8 Sep 2021 06:40:04 GMT" time="38.709" errors="0">
  <testcase name="launchCalculator" time="38.709" classname="com.practice.appium.Tap_Calculator"/>
</testsuite> <!-- com.practice.appium.Tap_Calculator -->
