<?xml version="1.0" encoding="UTF-8"?>
<!-- Generated by org.testng.reporters.JUnitReportReporter -->
<testsuite skipped="0" hostname="HP" name="com.practice.appium.Scroll" tests="1" failures="0" timestamp="8 Sep 2021 07:55:30 GMT" time="32.163" errors="0">
  <testcase name="scrollaction" time="32.163" classname="com.practice.appium.Scroll"/>
</testsuite> <!-- com.practice.appium.Scroll -->
