<?xml version="1.0" encoding="UTF-8"?>
<!-- Generated by org.testng.reporters.JUnitReportReporter -->
<testsuite skipped="0" hostname="HP" name="com.webdriverMethods.AppSwitch" tests="1" failures="0" timestamp="8 Sep 2021 11:37:04 GMT" time="29.839" errors="0">
  <testcase name="ApiTC_1" time="29.839" classname="com.webdriverMethods.AppSwitch"/>
</testsuite> <!-- com.webdriverMethods.AppSwitch -->
