<?xml version="1.0" encoding="UTF-8"?>
<!-- Generated by org.testng.reporters.JUnitReportReporter -->
<testsuite skipped="0" hostname="HP" name="com.practice.appium.Zoom_n_Pinch" tests="1" failures="0" timestamp="8 Sep 2021 10:54:30 GMT" time="27.701" errors="0">
  <testcase name="Zoom_pinch" time="27.701" classname="com.practice.appium.Zoom_n_Pinch"/>
</testsuite> <!-- com.practice.appium.Zoom_n_Pinch -->
